C:\USERS\ADMINISTRATOR\DOCUMENTS\GITHUB\SURAKARTA\SURAKARTA\RELEASE\SURAKARTA.OBJ
C:\USERS\ADMINISTRATOR\DOCUMENTS\GITHUB\SURAKARTA\SURAKARTA\RELEASE\STDAFX.OBJ
C:\USERS\ADMINISTRATOR\DOCUMENTS\GITHUB\SURAKARTA\SURAKARTA\RELEASE\EVALUATION.OBJ
C:\USERS\ADMINISTRATOR\DOCUMENTS\GITHUB\SURAKARTA\SURAKARTA\RELEASE\CPATH.OBJ
C:\USERS\ADMINISTRATOR\DOCUMENTS\GITHUB\SURAKARTA\SURAKARTA\RELEASE\CCHESSPIECE.OBJ
C:\USERS\ADMINISTRATOR\DOCUMENTS\GITHUB\SURAKARTA\SURAKARTA\RELEASE\VC110.PDB
C:\USERS\ADMINISTRATOR\DOCUMENTS\GITHUB\SURAKARTA\RELEASE\SURAKARTA.EXE
C:\USERS\ADMINISTRATOR\DOCUMENTS\GITHUB\SURAKARTA\RELEASE\SURAKARTA.PDB
C:\USERS\ADMINISTRATOR\DOCUMENTS\GITHUB\SURAKARTA\SURAKARTA\RELEASE\SURAKARTA.RES
C:\Users\Administrator\Documents\GitHub\Surakarta\Surakarta\Release\CChessPiece.obj
C:\Users\Administrator\Documents\GitHub\Surakarta\Surakarta\Release\CPath.obj
C:\Users\Administrator\Documents\GitHub\Surakarta\Surakarta\Release\Evaluation.obj
C:\Users\Administrator\Documents\GitHub\Surakarta\Surakarta\Release\stdafx.obj
C:\Users\Administrator\Documents\GitHub\Surakarta\Surakarta\Release\Surakarta.obj
C:\Users\Administrator\Documents\GitHub\Surakarta\Surakarta\Release\cl.command.1.tlog
C:\Users\Administrator\Documents\GitHub\Surakarta\Surakarta\Release\CL.read.1.tlog
C:\Users\Administrator\Documents\GitHub\Surakarta\Surakarta\Release\CL.write.1.tlog
C:\Users\Administrator\Documents\GitHub\Surakarta\Surakarta\Release\link-cvtres.read.1.tlog
C:\Users\Administrator\Documents\GitHub\Surakarta\Surakarta\Release\link-cvtres.write.1.tlog
C:\Users\Administrator\Documents\GitHub\Surakarta\Surakarta\Release\link-rc.read.1.tlog
C:\Users\Administrator\Documents\GitHub\Surakarta\Surakarta\Release\link-rc.write.1.tlog
C:\Users\Administrator\Documents\GitHub\Surakarta\Surakarta\Release\link.command.1.tlog
C:\Users\Administrator\Documents\GitHub\Surakarta\Surakarta\Release\link.read.1.tlog
C:\Users\Administrator\Documents\GitHub\Surakarta\Surakarta\Release\link.write.1.tlog
C:\Users\Administrator\Documents\GitHub\Surakarta\Surakarta\Release\rc.command.1.tlog
C:\Users\Administrator\Documents\GitHub\Surakarta\Surakarta\Release\rc.read.1.tlog
C:\Users\Administrator\Documents\GitHub\Surakarta\Surakarta\Release\rc.write.1.tlog
C:\Users\Administrator\Documents\GitHub\Surakarta\Surakarta\Release\Surakarta.res
C:\Users\Administrator\Documents\GitHub\Surakarta\Surakarta\Release\vc110.pdb
C:\Users\Administrator\Documents\GitHub\Surakarta\Release\Surakarta.pdb
C:\Users\Administrator\Documents\GitHub\Surakarta\Release\Surakarta.exe
