生成启动时间为 2012/10/18 19:12:37。
     1>项目“F:\pro\Surakarta\Surakarta\Surakarta.vcxproj”在节点 2 上(Rebuild 个目标)。
     1>ClCompile:
         C:\Program Files\Microsoft Visual Studio 11.0\VC\bin\CL.exe /c /ZI /nologo /W3 /WX- /sdl /Od /Oy- /D WIN32 /D _DEBUG /D _WINDOWS /D _UNICODE /D UNICODE /Gm /EHsc /RTC1 /MDd /GS /fp:precise /Zc:wchar_t /Zc:forScope /Yc"stdafx.h" /Fp"Debug\Surakarta.pch" /Fo"Debug\\" /Fd"Debug\vc110.pdb" /Gd /TP /analyze- /errorReport:prompt stdafx.cpp
         stdafx.cpp
         C:\Program Files\Microsoft Visual Studio 11.0\VC\bin\CL.exe /c /ZI /nologo /W3 /WX- /sdl /Od /Oy- /D WIN32 /D _DEBUG /D _WINDOWS /D _UNICODE /D UNICODE /Gm /EHsc /RTC1 /MDd /GS /fp:precise /Zc:wchar_t /Zc:forScope /Yu"stdafx.h" /Fp"Debug\Surakarta.pch" /Fo"Debug\\" /Fd"Debug\vc110.pdb" /Gd /TP /analyze- /errorReport:prompt CChessPiece.cpp CPath.cpp Evaluation.cpp Surakarta.cpp
         Surakarta.cpp
         Evaluation.cpp
         CPath.cpp
         CChessPiece.cpp
         正在生成代码...
       ResourceCompile:
         C:\Program Files\Windows Kits\8.0\bin\x86\rc.exe /D _UNICODE /D UNICODE /l"0x0409" /nologo /fo"Debug\Surakarta.res" Surakarta.rc 
       Link:
         C:\Program Files\Microsoft Visual Studio 11.0\VC\bin\link.exe /ERRORREPORT:PROMPT /OUT:"F:\pro\Surakarta\Debug\Surakarta.exe" /INCREMENTAL /NOLOGO kernel32.lib user32.lib gdi32.lib winspool.lib comdlg32.lib advapi32.lib shell32.lib ole32.lib oleaut32.lib uuid.lib odbc32.lib odbccp32.lib /MANIFEST /MANIFESTUAC:"level='asInvoker' uiAccess='false'" /manifest:embed /DEBUG /PDB:"F:\pro\Surakarta\Debug\Surakarta.pdb" /SUBSYSTEM:WINDOWS /TLBID:1 /DYNAMICBASE /NXCOMPAT /IMPLIB:"F:\pro\Surakarta\Debug\Surakarta.lib" /MACHINE:X86 Debug\Surakarta.res
         Debug\CChessPiece.obj
         Debug\CPath.obj
         Debug\Evaluation.obj
         Debug\stdafx.obj
         Debug\Surakarta.obj
         Surakarta.vcxproj -> F:\pro\Surakarta\Debug\Surakarta.exe
     1>已完成生成项目“F:\pro\Surakarta\Surakarta\Surakarta.vcxproj”(Rebuild 个目标)的操作。

生成成功。

已用时间 00:00:03.53
