F:\PRO\SURAKARTA\SURAKARTA\DEBUG\SURAKARTA.PCH
F:\PRO\SURAKARTA\SURAKARTA\DEBUG\STDAFX.OBJ
F:\PRO\SURAKARTA\SURAKARTA\DEBUG\VC110.PDB
F:\PRO\SURAKARTA\SURAKARTA\DEBUG\CCHESSPIECE.OBJ
F:\PRO\SURAKARTA\SURAKARTA\DEBUG\CPATH.OBJ
F:\PRO\SURAKARTA\SURAKARTA\DEBUG\EVALUATION.OBJ
F:\PRO\SURAKARTA\SURAKARTA\DEBUG\SURAKARTA.OBJ
F:\PRO\SURAKARTA\DEBUG\SURAKARTA.ILK
F:\PRO\SURAKARTA\DEBUG\SURAKARTA.EXE
F:\PRO\SURAKARTA\DEBUG\SURAKARTA.PDB
F:\PRO\SURAKARTA\SURAKARTA\DEBUG\SURAKARTA.RES
F:\pro\Surakarta\Surakarta\Debug\CChessPiece.obj
F:\pro\Surakarta\Surakarta\Debug\CPath.obj
F:\pro\Surakarta\Surakarta\Debug\Evaluation.obj
F:\pro\Surakarta\Surakarta\Debug\stdafx.obj
F:\pro\Surakarta\Surakarta\Debug\Surakarta.obj
F:\pro\Surakarta\Surakarta\Debug\cl.command.1.tlog
F:\pro\Surakarta\Surakarta\Debug\CL.read.1.tlog
F:\pro\Surakarta\Surakarta\Debug\CL.write.1.tlog
F:\pro\Surakarta\Surakarta\Debug\link-cvtres.read.1.tlog
F:\pro\Surakarta\Surakarta\Debug\link-cvtres.write.1.tlog
F:\pro\Surakarta\Surakarta\Debug\link-rc.read.1.tlog
F:\pro\Surakarta\Surakarta\Debug\link-rc.write.1.tlog
F:\pro\Surakarta\Surakarta\Debug\link.command.1.tlog
F:\pro\Surakarta\Surakarta\Debug\link.read.1.tlog
F:\pro\Surakarta\Surakarta\Debug\link.write.1.tlog
F:\pro\Surakarta\Surakarta\Debug\rc.command.1.tlog
F:\pro\Surakarta\Surakarta\Debug\rc.read.1.tlog
F:\pro\Surakarta\Surakarta\Debug\rc.write.1.tlog
F:\pro\Surakarta\Surakarta\Debug\Surakarta.res
F:\pro\Surakarta\Surakarta\Debug\Surakarta.pch
F:\pro\Surakarta\Surakarta\Debug\vc110.idb
F:\pro\Surakarta\Surakarta\Debug\vc110.pdb
F:\pro\Surakarta\Debug\Surakarta.pdb
F:\pro\Surakarta\Debug\Surakarta.exe
F:\pro\Surakarta\Debug\Surakarta.ilk
